<?xml version="1.0" encoding="UTF-8"?>
<robot generator="Robot 7.1 (Python 3.12.3 on win32)" generated="2024-10-25T10:13:55.913763" rpa="false" schemaversion="5">
<suite id="s1" name="Test" source="C:\GitHub\PruebasAutomatizadas\PruebasAutomatizadas\pruebasAutomatizadas\Tests\test.robot">
<test id="s1-t1" name="Verificar existencia de al menos 9 productos en el inicio css" line="20">
<kw name="Inicializar navegador" owner="keywords" type="SETUP">
<kw name="Open Browser" owner="SeleniumLibrary">
<msg time="2024-10-25T10:13:56.081316" level="INFO">Opening browser 'chrome' to base url 'https://www.demoblaze.com/'.</msg>
<arg>${URL}</arg>
<arg>${BROWSER}</arg>
<doc>Opens a new browser instance to the optional ``url``.</doc>
<status status="PASS" start="2024-10-25T10:13:56.080307" elapsed="1.988212"/>
</kw>
<kw name="Maximize Browser Window" owner="SeleniumLibrary">
<doc>Maximizes current browser window.</doc>
<status status="PASS" start="2024-10-25T10:13:58.068519" elapsed="0.041896"/>
</kw>
<kw name="Sleep" owner="BuiltIn">
<msg time="2024-10-25T10:14:00.111932" level="INFO">Slept 2 seconds.</msg>
<arg>2s</arg>
<doc>Pauses the test executed for the given time.</doc>
<status status="PASS" start="2024-10-25T10:13:58.110415" elapsed="2.001517"/>
</kw>
<status status="PASS" start="2024-10-25T10:13:56.080307" elapsed="4.031625"/>
</kw>
<kw name="Get WebElements" owner="SeleniumLibrary">
<msg time="2024-10-25T10:14:00.125101" level="INFO">@{productos} = [ &lt;selenium.webdriver.remote.webelement.WebElement (session="8e388390a3c9c3c0ffbcf6274baa367d", element="f.20681746F7539F8F0EB7E42C2691F929.d.F2F467EFE59B42F5563B0CAA642FCFB1.e.79")&gt; | &lt;selenium.webdr...</msg>
<var>@{productos}</var>
<arg>css:#tbodyid &gt; div &gt; div &gt; div &gt; h4 &gt; a</arg>
<doc>Returns a list of WebElement objects matching the ``locator``.</doc>
<status status="PASS" start="2024-10-25T10:14:00.111932" elapsed="0.013169"/>
</kw>
<kw name="Get Length" owner="BuiltIn">
<msg time="2024-10-25T10:14:00.126097" level="INFO">Length is 9.</msg>
<msg time="2024-10-25T10:14:00.126097" level="INFO">${total_productos} = 9</msg>
<var>${total_productos}</var>
<arg>${productos}</arg>
<doc>Returns and logs the length of the given item as an integer.</doc>
<status status="PASS" start="2024-10-25T10:14:00.125101" elapsed="0.000996"/>
</kw>
<kw name="Should Be True" owner="BuiltIn">
<arg>${total_productos} &gt;= 9</arg>
<doc>Fails if the given condition is not true.</doc>
<status status="PASS" start="2024-10-25T10:14:00.126097" elapsed="0.000000"/>
</kw>
<kw name="Cerrar el navegador" owner="keywords" type="TEARDOWN">
<kw name="Sleep" owner="BuiltIn">
<msg time="2024-10-25T10:14:02.127380" level="INFO">Slept 2 seconds.</msg>
<arg>2s</arg>
<doc>Pauses the test executed for the given time.</doc>
<status status="PASS" start="2024-10-25T10:14:00.126097" elapsed="2.001283"/>
</kw>
<kw name="Close Browser" owner="SeleniumLibrary">
<doc>Closes the current browser.</doc>
<status status="PASS" start="2024-10-25T10:14:02.127380" elapsed="2.153342"/>
</kw>
<status status="PASS" start="2024-10-25T10:14:00.126097" elapsed="4.154625"/>
</kw>
<status status="PASS" start="2024-10-25T10:13:56.079320" elapsed="8.201402"/>
</test>
<status status="PASS" start="2024-10-25T10:13:55.914728" elapsed="8.367413"/>
</suite>
<statistics>
<total>
<stat pass="1" fail="0" skip="0">All Tests</stat>
</total>
<tag>
</tag>
<suite>
<stat pass="1" fail="0" skip="0" id="s1" name="Test">Test</stat>
</suite>
</statistics>
<errors>
</errors>
</robot>
