<?xml version="1.0" encoding="UTF-8"?>
<robot generator="Robot 7.1 (Python 3.12.3 on win32)" generated="2024-10-25T10:56:37.885842" rpa="false" schemaversion="5">
<suite id="s1" name="10TestCase" source="C:\GitHub\PruebasAutomatizadas\PruebasAutomatizadas\pruebasAutomatizadas\Tests\10TestCase.robot">
<test id="s1-t1" name="Verificar funcionaliadad Teclas presionadas" line="8">
<kw name="Open Browser" owner="SeleniumLibrary">
<msg time="2024-10-25T10:56:38.058102" level="INFO">Opening browser 'chrome' to base url 'https://the-internet.herokuapp.com/key_presses'.</msg>
<arg>https://the-internet.herokuapp.com/key_presses</arg>
<arg>${BROWSER}</arg>
<doc>Opens a new browser instance to the optional ``url``.</doc>
<status status="PASS" start="2024-10-25T10:56:38.058102" elapsed="2.489135"/>
</kw>
<kw name="Maximize Browser Window" owner="SeleniumLibrary">
<doc>Maximizes current browser window.</doc>
<status status="PASS" start="2024-10-25T10:56:40.547237" elapsed="0.026405"/>
</kw>
<kw name="Sleep" owner="BuiltIn">
<msg time="2024-10-25T10:56:42.574242" level="INFO">Slept 2 seconds.</msg>
<arg>2s</arg>
<doc>Pauses the test executed for the given time.</doc>
<status status="PASS" start="2024-10-25T10:56:40.573642" elapsed="2.000600"/>
</kw>
<kw name="Press Keys" owner="SeleniumLibrary">
<msg time="2024-10-25T10:56:42.574581" level="INFO">Sending key(s) ('ESC',) to id=target element.</msg>
<msg time="2024-10-25T10:56:42.855194" level="INFO">Pressing special key ESCAPE to element.</msg>
<msg time="2024-10-25T10:56:42.855194" level="INFO">Releasing special key ESCAPE.</msg>
<arg>id=target</arg>
<arg>ESC</arg>
<doc>Simulates the user pressing key(s) to an element or on the active browser.</doc>
<status status="PASS" start="2024-10-25T10:56:42.574581" elapsed="0.285600"/>
</kw>
<kw name="Wait Until Element Is Visible" owner="SeleniumLibrary">
<arg>id=result</arg>
<doc>Waits until the element ``locator`` is visible.</doc>
<status status="PASS" start="2024-10-25T10:56:42.860181" elapsed="0.014960"/>
</kw>
<kw name="Get Text" owner="SeleniumLibrary">
<msg time="2024-10-25T10:56:42.891117" level="INFO">${mensaje} = You entered: ESCAPE</msg>
<var>${mensaje}</var>
<arg>id=result</arg>
<doc>Returns the text value of the element identified by ``locator``.</doc>
<status status="PASS" start="2024-10-25T10:56:42.875141" elapsed="0.015976"/>
</kw>
<kw name="Should Be Equal" owner="BuiltIn">
<arg>${mensaje}</arg>
<arg>You entered: ESCAPE</arg>
<doc>Fails if the given objects are unequal.</doc>
<status status="PASS" start="2024-10-25T10:56:42.891117" elapsed="0.000000"/>
</kw>
<kw name="Press Keys" owner="SeleniumLibrary">
<msg time="2024-10-25T10:56:42.892114" level="INFO">Sending key(s) ('SPACE',) to id=target element.</msg>
<msg time="2024-10-25T10:56:43.162786" level="INFO">Pressing special key SPACE to element.</msg>
<msg time="2024-10-25T10:56:43.162786" level="INFO">Releasing special key SPACE.</msg>
<arg>id=target</arg>
<arg>SPACE</arg>
<doc>Simulates the user pressing key(s) to an element or on the active browser.</doc>
<status status="PASS" start="2024-10-25T10:56:42.891117" elapsed="0.277187"/>
</kw>
<kw name="Wait Until Element Is Visible" owner="SeleniumLibrary">
<arg>id=result</arg>
<doc>Waits until the element ``locator`` is visible.</doc>
<status status="PASS" start="2024-10-25T10:56:43.168304" elapsed="0.008975"/>
</kw>
<kw name="Get Text" owner="SeleniumLibrary">
<msg time="2024-10-25T10:56:43.186256" level="INFO">${mensaje} = You entered: SPACE</msg>
<var>${mensaje}</var>
<arg>id=result</arg>
<doc>Returns the text value of the element identified by ``locator``.</doc>
<status status="PASS" start="2024-10-25T10:56:43.177279" elapsed="0.008977"/>
</kw>
<kw name="Should Be Equal" owner="BuiltIn">
<arg>${mensaje}</arg>
<arg>You entered: SPACE</arg>
<doc>Fails if the given objects are unequal.</doc>
<status status="PASS" start="2024-10-25T10:56:43.186256" elapsed="0.000996"/>
</kw>
<kw name="Cerrar el navegador" owner="keywords" type="TEARDOWN">
<kw name="Sleep" owner="BuiltIn">
<msg time="2024-10-25T10:56:45.187852" level="INFO">Slept 2 seconds.</msg>
<arg>2s</arg>
<doc>Pauses the test executed for the given time.</doc>
<status status="PASS" start="2024-10-25T10:56:43.187252" elapsed="2.000600"/>
</kw>
<kw name="Close Browser" owner="SeleniumLibrary">
<doc>Closes the current browser.</doc>
<status status="PASS" start="2024-10-25T10:56:45.187852" elapsed="2.129315"/>
</kw>
<status status="PASS" start="2024-10-25T10:56:43.187252" elapsed="4.129915"/>
</kw>
<status status="PASS" start="2024-10-25T10:56:38.057453" elapsed="9.260411"/>
</test>
<status status="PASS" start="2024-10-25T10:56:37.886840" elapsed="9.431468"/>
</suite>
<statistics>
<total>
<stat pass="1" fail="0" skip="0">All Tests</stat>
</total>
<tag>
</tag>
<suite>
<stat pass="1" fail="0" skip="0" id="s1" name="10TestCase">10TestCase</stat>
</suite>
</statistics>
<errors>
</errors>
</robot>
