<?xml version="1.0" encoding="UTF-8"?>
<robot generator="Robot 7.1 (Python 3.10.12 on linux)" generated="2024-10-28T17:15:55.478485" rpa="false" schemaversion="5">
<suite id="s1" name="123TestCase" source="/home/gamaliel/Documentos/PruebasAutomatizadas/pruebasAutomatizadas/Tests/123TestCase.robot">
<test id="s1-t1" name="Agregar y Quitar Elementos" line="7">
<kw name="Open Browser" owner="SeleniumLibrary">
<msg time="2024-10-28T17:15:55.712543" level="INFO">Opening browser 'chrome' to base url 'https://the-internet.herokuapp.com/add_remove_elements/'.</msg>
<arg>${URL_ANADIR_REMOVER_ELEMENTOS}</arg>
<arg>${BROWSER}</arg>
<doc>Opens a new browser instance to the optional ``url``.</doc>
<status status="PASS" start="2024-10-28T17:15:55.711959" elapsed="4.072319"/>
</kw>
<for flavor="IN RANGE">
<iter>
<kw name="Click Button" owner="SeleniumLibrary">
<msg time="2024-10-28T17:15:59.786573" level="INFO">Clicking button 'css:button[onclick="addElement()"]'.</msg>
<arg>css:button[onclick="addElement()"]</arg>
<doc>Clicks the button identified by ``locator``.</doc>
<status status="PASS" start="2024-10-28T17:15:59.785638" elapsed="0.129300"/>
</kw>
<kw name="Get Element Count" owner="SeleniumLibrary">
<msg time="2024-10-28T17:15:59.933517" level="INFO">${elements} = 1</msg>
<var>${elements}</var>
<arg>css:.added-manually</arg>
<doc>Returns the number of elements matching ``locator``.</doc>
<status status="PASS" start="2024-10-28T17:15:59.915509" elapsed="0.018094"/>
</kw>
<kw name="Should Be Equal As Numbers" owner="BuiltIn">
<arg>${elements}</arg>
<arg>${index + 1}</arg>
<doc>Fails if objects are unequal after converting them to real numbers.</doc>
<status status="PASS" start="2024-10-28T17:15:59.933916" elapsed="0.001241"/>
</kw>
<var name="${index}">0</var>
<status status="PASS" start="2024-10-28T17:15:59.785268" elapsed="0.150011"/>
</iter>
<iter>
<kw name="Click Button" owner="SeleniumLibrary">
<msg time="2024-10-28T17:15:59.936121" level="INFO">Clicking button 'css:button[onclick="addElement()"]'.</msg>
<arg>css:button[onclick="addElement()"]</arg>
<doc>Clicks the button identified by ``locator``.</doc>
<status status="PASS" start="2024-10-28T17:15:59.935723" elapsed="0.089229"/>
</kw>
<kw name="Get Element Count" owner="SeleniumLibrary">
<msg time="2024-10-28T17:16:00.038038" level="INFO">${elements} = 2</msg>
<var>${elements}</var>
<arg>css:.added-manually</arg>
<doc>Returns the number of elements matching ``locator``.</doc>
<status status="PASS" start="2024-10-28T17:16:00.025502" elapsed="0.012633"/>
</kw>
<kw name="Should Be Equal As Numbers" owner="BuiltIn">
<arg>${elements}</arg>
<arg>${index + 1}</arg>
<doc>Fails if objects are unequal after converting them to real numbers.</doc>
<status status="PASS" start="2024-10-28T17:16:00.038519" elapsed="0.001250"/>
</kw>
<var name="${index}">1</var>
<status status="PASS" start="2024-10-28T17:15:59.935531" elapsed="0.104394"/>
</iter>
<iter>
<kw name="Click Button" owner="SeleniumLibrary">
<msg time="2024-10-28T17:16:00.040778" level="INFO">Clicking button 'css:button[onclick="addElement()"]'.</msg>
<arg>css:button[onclick="addElement()"]</arg>
<doc>Clicks the button identified by ``locator``.</doc>
<status status="PASS" start="2024-10-28T17:16:00.040416" elapsed="0.076498"/>
</kw>
<kw name="Get Element Count" owner="SeleniumLibrary">
<msg time="2024-10-28T17:16:00.130285" level="INFO">${elements} = 3</msg>
<var>${elements}</var>
<arg>css:.added-manually</arg>
<doc>Returns the number of elements matching ``locator``.</doc>
<status status="PASS" start="2024-10-28T17:16:00.117259" elapsed="0.013113"/>
</kw>
<kw name="Should Be Equal As Numbers" owner="BuiltIn">
<arg>${elements}</arg>
<arg>${index + 1}</arg>
<doc>Fails if objects are unequal after converting them to real numbers.</doc>
<status status="PASS" start="2024-10-28T17:16:00.130695" elapsed="0.001159"/>
</kw>
<var name="${index}">2</var>
<status status="PASS" start="2024-10-28T17:16:00.040198" elapsed="0.091795"/>
</iter>
<iter>
<kw name="Click Button" owner="SeleniumLibrary">
<msg time="2024-10-28T17:16:00.132745" level="INFO">Clicking button 'css:button[onclick="addElement()"]'.</msg>
<arg>css:button[onclick="addElement()"]</arg>
<doc>Clicks the button identified by ``locator``.</doc>
<status status="PASS" start="2024-10-28T17:16:00.132425" elapsed="0.072157"/>
</kw>
<kw name="Get Element Count" owner="SeleniumLibrary">
<msg time="2024-10-28T17:16:00.244510" level="INFO">${elements} = 4</msg>
<var>${elements}</var>
<arg>css:.added-manually</arg>
<doc>Returns the number of elements matching ``locator``.</doc>
<status status="PASS" start="2024-10-28T17:16:00.205126" elapsed="0.039549"/>
</kw>
<kw name="Should Be Equal As Numbers" owner="BuiltIn">
<arg>${elements}</arg>
<arg>${index + 1}</arg>
<doc>Fails if objects are unequal after converting them to real numbers.</doc>
<status status="PASS" start="2024-10-28T17:16:00.245086" elapsed="0.001344"/>
</kw>
<var name="${index}">3</var>
<status status="PASS" start="2024-10-28T17:16:00.132237" elapsed="0.114338"/>
</iter>
<iter>
<kw name="Click Button" owner="SeleniumLibrary">
<msg time="2024-10-28T17:16:00.247544" level="INFO">Clicking button 'css:button[onclick="addElement()"]'.</msg>
<arg>css:button[onclick="addElement()"]</arg>
<doc>Clicks the button identified by ``locator``.</doc>
<status status="PASS" start="2024-10-28T17:16:00.247078" elapsed="0.111825"/>
</kw>
<kw name="Get Element Count" owner="SeleniumLibrary">
<msg time="2024-10-28T17:16:00.374631" level="INFO">${elements} = 5</msg>
<var>${elements}</var>
<arg>css:.added-manually</arg>
<doc>Returns the number of elements matching ``locator``.</doc>
<status status="PASS" start="2024-10-28T17:16:00.359370" elapsed="0.015392"/>
</kw>
<kw name="Should Be Equal As Numbers" owner="BuiltIn">
<arg>${elements}</arg>
<arg>${index + 1}</arg>
<doc>Fails if objects are unequal after converting them to real numbers.</doc>
<status status="PASS" start="2024-10-28T17:16:00.375230" elapsed="0.001779"/>
</kw>
<var name="${index}">4</var>
<status status="PASS" start="2024-10-28T17:16:00.246846" elapsed="0.130313"/>
</iter>
<iter>
<kw name="Click Button" owner="SeleniumLibrary">
<msg time="2024-10-28T17:16:00.378022" level="INFO">Clicking button 'css:button[onclick="addElement()"]'.</msg>
<arg>css:button[onclick="addElement()"]</arg>
<doc>Clicks the button identified by ``locator``.</doc>
<status status="PASS" start="2024-10-28T17:16:00.377647" elapsed="0.086114"/>
</kw>
<kw name="Get Element Count" owner="SeleniumLibrary">
<msg time="2024-10-28T17:16:00.478332" level="INFO">${elements} = 6</msg>
<var>${elements}</var>
<arg>css:.added-manually</arg>
<doc>Returns the number of elements matching ``locator``.</doc>
<status status="PASS" start="2024-10-28T17:16:00.464425" elapsed="0.014070"/>
</kw>
<kw name="Should Be Equal As Numbers" owner="BuiltIn">
<arg>${elements}</arg>
<arg>${index + 1}</arg>
<doc>Fails if objects are unequal after converting them to real numbers.</doc>
<status status="PASS" start="2024-10-28T17:16:00.479024" elapsed="0.001494"/>
</kw>
<var name="${index}">5</var>
<status status="PASS" start="2024-10-28T17:16:00.377423" elapsed="0.103232"/>
</iter>
<iter>
<kw name="Click Button" owner="SeleniumLibrary">
<msg time="2024-10-28T17:16:00.481690" level="INFO">Clicking button 'css:button[onclick="addElement()"]'.</msg>
<arg>css:button[onclick="addElement()"]</arg>
<doc>Clicks the button identified by ``locator``.</doc>
<status status="PASS" start="2024-10-28T17:16:00.481248" elapsed="0.070214"/>
</kw>
<kw name="Get Element Count" owner="SeleniumLibrary">
<msg time="2024-10-28T17:16:00.563667" level="INFO">${elements} = 7</msg>
<var>${elements}</var>
<arg>css:.added-manually</arg>
<doc>Returns the number of elements matching ``locator``.</doc>
<status status="PASS" start="2024-10-28T17:16:00.551837" elapsed="0.011920"/>
</kw>
<kw name="Should Be Equal As Numbers" owner="BuiltIn">
<arg>${elements}</arg>
<arg>${index + 1}</arg>
<doc>Fails if objects are unequal after converting them to real numbers.</doc>
<status status="PASS" start="2024-10-28T17:16:00.564117" elapsed="0.001248"/>
</kw>
<var name="${index}">6</var>
<status status="PASS" start="2024-10-28T17:16:00.480925" elapsed="0.084560"/>
</iter>
<iter>
<kw name="Click Button" owner="SeleniumLibrary">
<msg time="2024-10-28T17:16:00.566407" level="INFO">Clicking button 'css:button[onclick="addElement()"]'.</msg>
<arg>css:button[onclick="addElement()"]</arg>
<doc>Clicks the button identified by ``locator``.</doc>
<status status="PASS" start="2024-10-28T17:16:00.566074" elapsed="0.073206"/>
</kw>
<kw name="Get Element Count" owner="SeleniumLibrary">
<msg time="2024-10-28T17:16:00.651623" level="INFO">${elements} = 8</msg>
<var>${elements}</var>
<arg>css:.added-manually</arg>
<doc>Returns the number of elements matching ``locator``.</doc>
<status status="PASS" start="2024-10-28T17:16:00.639745" elapsed="0.011964"/>
</kw>
<kw name="Should Be Equal As Numbers" owner="BuiltIn">
<arg>${elements}</arg>
<arg>${index + 1}</arg>
<doc>Fails if objects are unequal after converting them to real numbers.</doc>
<status status="PASS" start="2024-10-28T17:16:00.652044" elapsed="0.001154"/>
</kw>
<var name="${index}">7</var>
<status status="PASS" start="2024-10-28T17:16:00.565871" elapsed="0.087444"/>
</iter>
<iter>
<kw name="Click Button" owner="SeleniumLibrary">
<msg time="2024-10-28T17:16:00.654281" level="INFO">Clicking button 'css:button[onclick="addElement()"]'.</msg>
<arg>css:button[onclick="addElement()"]</arg>
<doc>Clicks the button identified by ``locator``.</doc>
<status status="PASS" start="2024-10-28T17:16:00.653936" elapsed="0.066676"/>
</kw>
<kw name="Get Element Count" owner="SeleniumLibrary">
<msg time="2024-10-28T17:16:00.735735" level="INFO">${elements} = 9</msg>
<var>${elements}</var>
<arg>css:.added-manually</arg>
<doc>Returns the number of elements matching ``locator``.</doc>
<status status="PASS" start="2024-10-28T17:16:00.720956" elapsed="0.014890"/>
</kw>
<kw name="Should Be Equal As Numbers" owner="BuiltIn">
<arg>${elements}</arg>
<arg>${index + 1}</arg>
<doc>Fails if objects are unequal after converting them to real numbers.</doc>
<status status="PASS" start="2024-10-28T17:16:00.736326" elapsed="0.002005"/>
</kw>
<var name="${index}">8</var>
<status status="PASS" start="2024-10-28T17:16:00.653703" elapsed="0.084776"/>
</iter>
<iter>
<kw name="Click Button" owner="SeleniumLibrary">
<msg time="2024-10-28T17:16:00.739303" level="INFO">Clicking button 'css:button[onclick="addElement()"]'.</msg>
<arg>css:button[onclick="addElement()"]</arg>
<doc>Clicks the button identified by ``locator``.</doc>
<status status="PASS" start="2024-10-28T17:16:00.738961" elapsed="0.066184"/>
</kw>
<kw name="Get Element Count" owner="SeleniumLibrary">
<msg time="2024-10-28T17:16:00.817532" level="INFO">${elements} = 10</msg>
<var>${elements}</var>
<arg>css:.added-manually</arg>
<doc>Returns the number of elements matching ``locator``.</doc>
<status status="PASS" start="2024-10-28T17:16:00.805541" elapsed="0.012075"/>
</kw>
<kw name="Should Be Equal As Numbers" owner="BuiltIn">
<arg>${elements}</arg>
<arg>${index + 1}</arg>
<doc>Fails if objects are unequal after converting them to real numbers.</doc>
<status status="PASS" start="2024-10-28T17:16:00.817926" elapsed="0.001155"/>
</kw>
<var name="${index}">9</var>
<status status="PASS" start="2024-10-28T17:16:00.738744" elapsed="0.080451"/>
</iter>
<iter>
<kw name="Click Button" owner="SeleniumLibrary">
<msg time="2024-10-28T17:16:00.819965" level="INFO">Clicking button 'css:button[onclick="addElement()"]'.</msg>
<arg>css:button[onclick="addElement()"]</arg>
<doc>Clicks the button identified by ``locator``.</doc>
<status status="PASS" start="2024-10-28T17:16:00.819625" elapsed="0.066474"/>
</kw>
<kw name="Get Element Count" owner="SeleniumLibrary">
<msg time="2024-10-28T17:16:00.898216" level="INFO">${elements} = 11</msg>
<var>${elements}</var>
<arg>css:.added-manually</arg>
<doc>Returns the number of elements matching ``locator``.</doc>
<status status="PASS" start="2024-10-28T17:16:00.886634" elapsed="0.011669"/>
</kw>
<kw name="Should Be Equal As Numbers" owner="BuiltIn">
<arg>${elements}</arg>
<arg>${index + 1}</arg>
<doc>Fails if objects are unequal after converting them to real numbers.</doc>
<status status="PASS" start="2024-10-28T17:16:00.898619" elapsed="0.001165"/>
</kw>
<var name="${index}">10</var>
<status status="PASS" start="2024-10-28T17:16:00.819438" elapsed="0.080488"/>
</iter>
<iter>
<kw name="Click Button" owner="SeleniumLibrary">
<msg time="2024-10-28T17:16:00.900678" level="INFO">Clicking button 'css:button[onclick="addElement()"]'.</msg>
<arg>css:button[onclick="addElement()"]</arg>
<doc>Clicks the button identified by ``locator``.</doc>
<status status="PASS" start="2024-10-28T17:16:00.900362" elapsed="0.064869"/>
</kw>
<kw name="Get Element Count" owner="SeleniumLibrary">
<msg time="2024-10-28T17:16:00.978354" level="INFO">${elements} = 12</msg>
<var>${elements}</var>
<arg>css:.added-manually</arg>
<doc>Returns the number of elements matching ``locator``.</doc>
<status status="PASS" start="2024-10-28T17:16:00.965698" elapsed="0.012742"/>
</kw>
<kw name="Should Be Equal As Numbers" owner="BuiltIn">
<arg>${elements}</arg>
<arg>${index + 1}</arg>
<doc>Fails if objects are unequal after converting them to real numbers.</doc>
<status status="PASS" start="2024-10-28T17:16:00.978796" elapsed="0.001194"/>
</kw>
<var name="${index}">11</var>
<status status="PASS" start="2024-10-28T17:16:00.900176" elapsed="0.079932"/>
</iter>
<iter>
<kw name="Click Button" owner="SeleniumLibrary">
<msg time="2024-10-28T17:16:00.980859" level="INFO">Clicking button 'css:button[onclick="addElement()"]'.</msg>
<arg>css:button[onclick="addElement()"]</arg>
<doc>Clicks the button identified by ``locator``.</doc>
<status status="PASS" start="2024-10-28T17:16:00.980541" elapsed="0.069305"/>
</kw>
<kw name="Get Element Count" owner="SeleniumLibrary">
<msg time="2024-10-28T17:16:01.063470" level="INFO">${elements} = 13</msg>
<var>${elements}</var>
<arg>css:.added-manually</arg>
<doc>Returns the number of elements matching ``locator``.</doc>
<status status="PASS" start="2024-10-28T17:16:01.050191" elapsed="0.013365"/>
</kw>
<kw name="Should Be Equal As Numbers" owner="BuiltIn">
<arg>${elements}</arg>
<arg>${index + 1}</arg>
<doc>Fails if objects are unequal after converting them to real numbers.</doc>
<status status="PASS" start="2024-10-28T17:16:01.063891" elapsed="0.001174"/>
</kw>
<var name="${index}">12</var>
<status status="PASS" start="2024-10-28T17:16:00.980353" elapsed="0.084831"/>
</iter>
<iter>
<kw name="Click Button" owner="SeleniumLibrary">
<msg time="2024-10-28T17:16:01.065934" level="INFO">Clicking button 'css:button[onclick="addElement()"]'.</msg>
<arg>css:button[onclick="addElement()"]</arg>
<doc>Clicks the button identified by ``locator``.</doc>
<status status="PASS" start="2024-10-28T17:16:01.065616" elapsed="0.068159"/>
</kw>
<kw name="Get Element Count" owner="SeleniumLibrary">
<msg time="2024-10-28T17:16:01.146907" level="INFO">${elements} = 14</msg>
<var>${elements}</var>
<arg>css:.added-manually</arg>
<doc>Returns the number of elements matching ``locator``.</doc>
<status status="PASS" start="2024-10-28T17:16:01.134195" elapsed="0.012795"/>
</kw>
<kw name="Should Be Equal As Numbers" owner="BuiltIn">
<arg>${elements}</arg>
<arg>${index + 1}</arg>
<doc>Fails if objects are unequal after converting them to real numbers.</doc>
<status status="PASS" start="2024-10-28T17:16:01.147299" elapsed="0.001247"/>
</kw>
<var name="${index}">13</var>
<status status="PASS" start="2024-10-28T17:16:01.065428" elapsed="0.083238"/>
</iter>
<iter>
<kw name="Click Button" owner="SeleniumLibrary">
<msg time="2024-10-28T17:16:01.150946" level="INFO">Clicking button 'css:button[onclick="addElement()"]'.</msg>
<arg>css:button[onclick="addElement()"]</arg>
<doc>Clicks the button identified by ``locator``.</doc>
<status status="PASS" start="2024-10-28T17:16:01.149112" elapsed="0.070390"/>
</kw>
<kw name="Get Element Count" owner="SeleniumLibrary">
<msg time="2024-10-28T17:16:01.233128" level="INFO">${elements} = 15</msg>
<var>${elements}</var>
<arg>css:.added-manually</arg>
<doc>Returns the number of elements matching ``locator``.</doc>
<status status="PASS" start="2024-10-28T17:16:01.219909" elapsed="0.013306"/>
</kw>
<kw name="Should Be Equal As Numbers" owner="BuiltIn">
<arg>${elements}</arg>
<arg>${index + 1}</arg>
<doc>Fails if objects are unequal after converting them to real numbers.</doc>
<status status="PASS" start="2024-10-28T17:16:01.233587" elapsed="0.001163"/>
</kw>
<var name="${index}">14</var>
<status status="PASS" start="2024-10-28T17:16:01.148918" elapsed="0.085952"/>
</iter>
<iter>
<kw name="Click Button" owner="SeleniumLibrary">
<msg time="2024-10-28T17:16:01.235615" level="INFO">Clicking button 'css:button[onclick="addElement()"]'.</msg>
<arg>css:button[onclick="addElement()"]</arg>
<doc>Clicks the button identified by ``locator``.</doc>
<status status="PASS" start="2024-10-28T17:16:01.235298" elapsed="0.084443"/>
</kw>
<kw name="Get Element Count" owner="SeleniumLibrary">
<msg time="2024-10-28T17:16:01.332852" level="INFO">${elements} = 16</msg>
<var>${elements}</var>
<arg>css:.added-manually</arg>
<doc>Returns the number of elements matching ``locator``.</doc>
<status status="PASS" start="2024-10-28T17:16:01.320284" elapsed="0.012654"/>
</kw>
<kw name="Should Be Equal As Numbers" owner="BuiltIn">
<arg>${elements}</arg>
<arg>${index + 1}</arg>
<doc>Fails if objects are unequal after converting them to real numbers.</doc>
<status status="PASS" start="2024-10-28T17:16:01.333247" elapsed="0.001358"/>
</kw>
<var name="${index}">15</var>
<status status="PASS" start="2024-10-28T17:16:01.235112" elapsed="0.099620"/>
</iter>
<iter>
<kw name="Click Button" owner="SeleniumLibrary">
<msg time="2024-10-28T17:16:01.335509" level="INFO">Clicking button 'css:button[onclick="addElement()"]'.</msg>
<arg>css:button[onclick="addElement()"]</arg>
<doc>Clicks the button identified by ``locator``.</doc>
<status status="PASS" start="2024-10-28T17:16:01.335183" elapsed="0.070338"/>
</kw>
<kw name="Get Element Count" owner="SeleniumLibrary">
<msg time="2024-10-28T17:16:01.422555" level="INFO">${elements} = 17</msg>
<var>${elements}</var>
<arg>css:.added-manually</arg>
<doc>Returns the number of elements matching ``locator``.</doc>
<status status="PASS" start="2024-10-28T17:16:01.406020" elapsed="0.016620"/>
</kw>
<kw name="Should Be Equal As Numbers" owner="BuiltIn">
<arg>${elements}</arg>
<arg>${index + 1}</arg>
<doc>Fails if objects are unequal after converting them to real numbers.</doc>
<status status="PASS" start="2024-10-28T17:16:01.422957" elapsed="0.001359"/>
</kw>
<var name="${index}">16</var>
<status status="PASS" start="2024-10-28T17:16:01.334985" elapsed="0.089505"/>
</iter>
<iter>
<kw name="Click Button" owner="SeleniumLibrary">
<msg time="2024-10-28T17:16:01.425758" level="INFO">Clicking button 'css:button[onclick="addElement()"]'.</msg>
<arg>css:button[onclick="addElement()"]</arg>
<doc>Clicks the button identified by ``locator``.</doc>
<status status="PASS" start="2024-10-28T17:16:01.425112" elapsed="0.070056"/>
</kw>
<kw name="Get Element Count" owner="SeleniumLibrary">
<msg time="2024-10-28T17:16:01.508378" level="INFO">${elements} = 18</msg>
<var>${elements}</var>
<arg>css:.added-manually</arg>
<doc>Returns the number of elements matching ``locator``.</doc>
<status status="PASS" start="2024-10-28T17:16:01.495691" elapsed="0.012791"/>
</kw>
<kw name="Should Be Equal As Numbers" owner="BuiltIn">
<arg>${elements}</arg>
<arg>${index + 1}</arg>
<doc>Fails if objects are unequal after converting them to real numbers.</doc>
<status status="PASS" start="2024-10-28T17:16:01.508821" elapsed="0.001196"/>
</kw>
<var name="${index}">17</var>
<status status="PASS" start="2024-10-28T17:16:01.424812" elapsed="0.085326"/>
</iter>
<iter>
<kw name="Click Button" owner="SeleniumLibrary">
<msg time="2024-10-28T17:16:01.510902" level="INFO">Clicking button 'css:button[onclick="addElement()"]'.</msg>
<arg>css:button[onclick="addElement()"]</arg>
<doc>Clicks the button identified by ``locator``.</doc>
<status status="PASS" start="2024-10-28T17:16:01.510581" elapsed="0.065567"/>
</kw>
<kw name="Get Element Count" owner="SeleniumLibrary">
<msg time="2024-10-28T17:16:01.589396" level="INFO">${elements} = 19</msg>
<var>${elements}</var>
<arg>css:.added-manually</arg>
<doc>Returns the number of elements matching ``locator``.</doc>
<status status="PASS" start="2024-10-28T17:16:01.576674" elapsed="0.012805"/>
</kw>
<kw name="Should Be Equal As Numbers" owner="BuiltIn">
<arg>${elements}</arg>
<arg>${index + 1}</arg>
<doc>Fails if objects are unequal after converting them to real numbers.</doc>
<status status="PASS" start="2024-10-28T17:16:01.589798" elapsed="0.001194"/>
</kw>
<var name="${index}">18</var>
<status status="PASS" start="2024-10-28T17:16:01.510386" elapsed="0.080727"/>
</iter>
<iter>
<kw name="Click Button" owner="SeleniumLibrary">
<msg time="2024-10-28T17:16:01.592162" level="INFO">Clicking button 'css:button[onclick="addElement()"]'.</msg>
<arg>css:button[onclick="addElement()"]</arg>
<doc>Clicks the button identified by ``locator``.</doc>
<status status="PASS" start="2024-10-28T17:16:01.591774" elapsed="0.071644"/>
</kw>
<kw name="Get Element Count" owner="SeleniumLibrary">
<msg time="2024-10-28T17:16:01.676920" level="INFO">${elements} = 20</msg>
<var>${elements}</var>
<arg>css:.added-manually</arg>
<doc>Returns the number of elements matching ``locator``.</doc>
<status status="PASS" start="2024-10-28T17:16:01.663954" elapsed="0.013048"/>
</kw>
<kw name="Should Be Equal As Numbers" owner="BuiltIn">
<arg>${elements}</arg>
<arg>${index + 1}</arg>
<doc>Fails if objects are unequal after converting them to real numbers.</doc>
<status status="PASS" start="2024-10-28T17:16:01.677311" elapsed="0.001152"/>
</kw>
<var name="${index}">19</var>
<status status="PASS" start="2024-10-28T17:16:01.591465" elapsed="0.087117"/>
</iter>
<var>${index}</var>
<value>20</value>
<status status="PASS" start="2024-10-28T17:15:59.784729" elapsed="1.893958"/>
</for>
<for flavor="IN RANGE">
<iter>
<kw name="Click Button" owner="SeleniumLibrary">
<msg time="2024-10-28T17:16:01.679796" level="INFO">Clicking button 'css:.added-manually:first-child'.</msg>
<arg>css:.added-manually:first-child</arg>
<doc>Clicks the button identified by ``locator``.</doc>
<status status="PASS" start="2024-10-28T17:16:01.679490" elapsed="0.082284"/>
</kw>
<kw name="Evaluate" owner="BuiltIn">
<msg time="2024-10-28T17:16:01.762806" level="INFO">${expected_count} = 19</msg>
<var>${expected_count}</var>
<arg>20 - ${index} - 1</arg>
<doc>Evaluates the given expression in Python and returns the result.</doc>
<status status="PASS" start="2024-10-28T17:16:01.762140" elapsed="0.000737"/>
</kw>
<kw name="Get Element Count" owner="SeleniumLibrary">
<msg time="2024-10-28T17:16:01.777486" level="INFO">${elements} = 19</msg>
<var>${elements}</var>
<arg>css:.added-manually</arg>
<doc>Returns the number of elements matching ``locator``.</doc>
<status status="PASS" start="2024-10-28T17:16:01.763197" elapsed="0.014381"/>
</kw>
<kw name="Should Be Equal As Numbers" owner="BuiltIn">
<arg>${elements}</arg>
<arg>${expected_count}</arg>
<doc>Fails if objects are unequal after converting them to real numbers.</doc>
<status status="PASS" start="2024-10-28T17:16:01.777892" elapsed="0.000491"/>
</kw>
<var name="${index}">0</var>
<status status="PASS" start="2024-10-28T17:16:01.679293" elapsed="0.099205"/>
</iter>
<iter>
<kw name="Click Button" owner="SeleniumLibrary">
<msg time="2024-10-28T17:16:01.779236" level="INFO">Clicking button 'css:.added-manually:first-child'.</msg>
<arg>css:.added-manually:first-child</arg>
<doc>Clicks the button identified by ``locator``.</doc>
<status status="PASS" start="2024-10-28T17:16:01.778936" elapsed="0.074576"/>
</kw>
<kw name="Evaluate" owner="BuiltIn">
<msg time="2024-10-28T17:16:01.854484" level="INFO">${expected_count} = 18</msg>
<var>${expected_count}</var>
<arg>20 - ${index} - 1</arg>
<doc>Evaluates the given expression in Python and returns the result.</doc>
<status status="PASS" start="2024-10-28T17:16:01.853879" elapsed="0.000676"/>
</kw>
<kw name="Get Element Count" owner="SeleniumLibrary">
<msg time="2024-10-28T17:16:01.869234" level="INFO">${elements} = 18</msg>
<var>${elements}</var>
<arg>css:.added-manually</arg>
<doc>Returns the number of elements matching ``locator``.</doc>
<status status="PASS" start="2024-10-28T17:16:01.854842" elapsed="0.014488"/>
</kw>
<kw name="Should Be Equal As Numbers" owner="BuiltIn">
<arg>${elements}</arg>
<arg>${expected_count}</arg>
<doc>Fails if objects are unequal after converting them to real numbers.</doc>
<status status="PASS" start="2024-10-28T17:16:01.869765" elapsed="0.000831"/>
</kw>
<var name="${index}">1</var>
<status status="PASS" start="2024-10-28T17:16:01.778751" elapsed="0.092056"/>
</iter>
<iter>
<kw name="Click Button" owner="SeleniumLibrary">
<msg time="2024-10-28T17:16:01.871977" level="INFO">Clicking button 'css:.added-manually:first-child'.</msg>
<arg>css:.added-manually:first-child</arg>
<doc>Clicks the button identified by ``locator``.</doc>
<status status="PASS" start="2024-10-28T17:16:01.871564" elapsed="0.111728"/>
</kw>
<kw name="Evaluate" owner="BuiltIn">
<msg time="2024-10-28T17:16:01.984345" level="INFO">${expected_count} = 17</msg>
<var>${expected_count}</var>
<arg>20 - ${index} - 1</arg>
<doc>Evaluates the given expression in Python and returns the result.</doc>
<status status="PASS" start="2024-10-28T17:16:01.983693" elapsed="0.000727"/>
</kw>
<kw name="Get Element Count" owner="SeleniumLibrary">
<msg time="2024-10-28T17:16:02.032440" level="INFO">${elements} = 17</msg>
<var>${elements}</var>
<arg>css:.added-manually</arg>
<doc>Returns the number of elements matching ``locator``.</doc>
<status status="PASS" start="2024-10-28T17:16:01.984736" elapsed="0.047795"/>
</kw>
<kw name="Should Be Equal As Numbers" owner="BuiltIn">
<arg>${elements}</arg>
<arg>${expected_count}</arg>
<doc>Fails if objects are unequal after converting them to real numbers.</doc>
<status status="PASS" start="2024-10-28T17:16:02.032853" elapsed="0.000539"/>
</kw>
<var name="${index}">2</var>
<status status="PASS" start="2024-10-28T17:16:01.871265" elapsed="0.162249"/>
</iter>
<iter>
<kw name="Click Button" owner="SeleniumLibrary">
<msg time="2024-10-28T17:16:02.034314" level="INFO">Clicking button 'css:.added-manually:first-child'.</msg>
<arg>css:.added-manually:first-child</arg>
<doc>Clicks the button identified by ``locator``.</doc>
<status status="PASS" start="2024-10-28T17:16:02.033989" elapsed="0.095657"/>
</kw>
<kw name="Evaluate" owner="BuiltIn">
<msg time="2024-10-28T17:16:02.131010" level="INFO">${expected_count} = 16</msg>
<var>${expected_count}</var>
<arg>20 - ${index} - 1</arg>
<doc>Evaluates the given expression in Python and returns the result.</doc>
<status status="PASS" start="2024-10-28T17:16:02.130135" elapsed="0.001013"/>
</kw>
<kw name="Get Element Count" owner="SeleniumLibrary">
<msg time="2024-10-28T17:16:02.151064" level="INFO">${elements} = 16</msg>
<var>${elements}</var>
<arg>css:.added-manually</arg>
<doc>Returns the number of elements matching ``locator``.</doc>
<status status="PASS" start="2024-10-28T17:16:02.131633" elapsed="0.019552"/>
</kw>
<kw name="Should Be Equal As Numbers" owner="BuiltIn">
<arg>${elements}</arg>
<arg>${expected_count}</arg>
<doc>Fails if objects are unequal after converting them to real numbers.</doc>
<status status="PASS" start="2024-10-28T17:16:02.151675" elapsed="0.000906"/>
</kw>
<var name="${index}">3</var>
<status status="PASS" start="2024-10-28T17:16:02.033782" elapsed="0.118998"/>
</iter>
<iter>
<kw name="Click Button" owner="SeleniumLibrary">
<msg time="2024-10-28T17:16:02.153971" level="INFO">Clicking button 'css:.added-manually:first-child'.</msg>
<arg>css:.added-manually:first-child</arg>
<doc>Clicks the button identified by ``locator``.</doc>
<status status="PASS" start="2024-10-28T17:16:02.153549" elapsed="0.078504"/>
</kw>
<kw name="Evaluate" owner="BuiltIn">
<msg time="2024-10-28T17:16:02.232933" level="INFO">${expected_count} = 15</msg>
<var>${expected_count}</var>
<arg>20 - ${index} - 1</arg>
<doc>Evaluates the given expression in Python and returns the result.</doc>
<status status="PASS" start="2024-10-28T17:16:02.232409" elapsed="0.000588"/>
</kw>
<kw name="Get Element Count" owner="SeleniumLibrary">
<msg time="2024-10-28T17:16:02.245902" level="INFO">${elements} = 15</msg>
<var>${elements}</var>
<arg>css:.added-manually</arg>
<doc>Returns the number of elements matching ``locator``.</doc>
<status status="PASS" start="2024-10-28T17:16:02.233243" elapsed="0.012745"/>
</kw>
<kw name="Should Be Equal As Numbers" owner="BuiltIn">
<arg>${elements}</arg>
<arg>${expected_count}</arg>
<doc>Fails if objects are unequal after converting them to real numbers.</doc>
<status status="PASS" start="2024-10-28T17:16:02.246307" elapsed="0.000514"/>
</kw>
<var name="${index}">4</var>
<status status="PASS" start="2024-10-28T17:16:02.153217" elapsed="0.093720"/>
</iter>
<iter>
<kw name="Click Button" owner="SeleniumLibrary">
<msg time="2024-10-28T17:16:02.247697" level="INFO">Clicking button 'css:.added-manually:first-child'.</msg>
<arg>css:.added-manually:first-child</arg>
<doc>Clicks the button identified by ``locator``.</doc>
<status status="PASS" start="2024-10-28T17:16:02.247390" elapsed="0.074526"/>
</kw>
<kw name="Evaluate" owner="BuiltIn">
<msg time="2024-10-28T17:16:02.323108" level="INFO">${expected_count} = 14</msg>
<var>${expected_count}</var>
<arg>20 - ${index} - 1</arg>
<doc>Evaluates the given expression in Python and returns the result.</doc>
<status status="PASS" start="2024-10-28T17:16:02.322362" elapsed="0.000854"/>
</kw>
<kw name="Get Element Count" owner="SeleniumLibrary">
<msg time="2024-10-28T17:16:02.337082" level="INFO">${elements} = 14</msg>
<var>${elements}</var>
<arg>css:.added-manually</arg>
<doc>Returns the number of elements matching ``locator``.</doc>
<status status="PASS" start="2024-10-28T17:16:02.323619" elapsed="0.013547"/>
</kw>
<kw name="Should Be Equal As Numbers" owner="BuiltIn">
<arg>${elements}</arg>
<arg>${expected_count}</arg>
<doc>Fails if objects are unequal after converting them to real numbers.</doc>
<status status="PASS" start="2024-10-28T17:16:02.337476" elapsed="0.000487"/>
</kw>
<var name="${index}">5</var>
<status status="PASS" start="2024-10-28T17:16:02.247198" elapsed="0.090877"/>
</iter>
<iter>
<kw name="Click Button" owner="SeleniumLibrary">
<msg time="2024-10-28T17:16:02.338814" level="INFO">Clicking button 'css:.added-manually:first-child'.</msg>
<arg>css:.added-manually:first-child</arg>
<doc>Clicks the button identified by ``locator``.</doc>
<status status="PASS" start="2024-10-28T17:16:02.338515" elapsed="0.075270"/>
</kw>
<kw name="Evaluate" owner="BuiltIn">
<msg time="2024-10-28T17:16:02.414658" level="INFO">${expected_count} = 13</msg>
<var>${expected_count}</var>
<arg>20 - ${index} - 1</arg>
<doc>Evaluates the given expression in Python and returns the result.</doc>
<status status="PASS" start="2024-10-28T17:16:02.414140" elapsed="0.000583"/>
</kw>
<kw name="Get Element Count" owner="SeleniumLibrary">
<msg time="2024-10-28T17:16:02.427610" level="INFO">${elements} = 13</msg>
<var>${elements}</var>
<arg>css:.added-manually</arg>
<doc>Returns the number of elements matching ``locator``.</doc>
<status status="PASS" start="2024-10-28T17:16:02.414967" elapsed="0.012727"/>
</kw>
<kw name="Should Be Equal As Numbers" owner="BuiltIn">
<arg>${elements}</arg>
<arg>${expected_count}</arg>
<doc>Fails if objects are unequal after converting them to real numbers.</doc>
<status status="PASS" start="2024-10-28T17:16:02.428037" elapsed="0.000495"/>
</kw>
<var name="${index}">6</var>
<status status="PASS" start="2024-10-28T17:16:02.338330" elapsed="0.090315"/>
</iter>
<iter>
<kw name="Click Button" owner="SeleniumLibrary">
<msg time="2024-10-28T17:16:02.429390" level="INFO">Clicking button 'css:.added-manually:first-child'.</msg>
<arg>css:.added-manually:first-child</arg>
<doc>Clicks the button identified by ``locator``.</doc>
<status status="PASS" start="2024-10-28T17:16:02.429086" elapsed="0.086880"/>
</kw>
<kw name="Evaluate" owner="BuiltIn">
<msg time="2024-10-28T17:16:02.516837" level="INFO">${expected_count} = 12</msg>
<var>${expected_count}</var>
<arg>20 - ${index} - 1</arg>
<doc>Evaluates the given expression in Python and returns the result.</doc>
<status status="PASS" start="2024-10-28T17:16:02.516311" elapsed="0.000589"/>
</kw>
<kw name="Get Element Count" owner="SeleniumLibrary">
<msg time="2024-10-28T17:16:02.530425" level="INFO">${elements} = 12</msg>
<var>${elements}</var>
<arg>css:.added-manually</arg>
<doc>Returns the number of elements matching ``locator``.</doc>
<status status="PASS" start="2024-10-28T17:16:02.517267" elapsed="0.013245"/>
</kw>
<kw name="Should Be Equal As Numbers" owner="BuiltIn">
<arg>${elements}</arg>
<arg>${expected_count}</arg>
<doc>Fails if objects are unequal after converting them to real numbers.</doc>
<status status="PASS" start="2024-10-28T17:16:02.530831" elapsed="0.000486"/>
</kw>
<var name="${index}">7</var>
<status status="PASS" start="2024-10-28T17:16:02.428897" elapsed="0.102534"/>
</iter>
<iter>
<kw name="Click Button" owner="SeleniumLibrary">
<msg time="2024-10-28T17:16:02.532215" level="INFO">Clicking button 'css:.added-manually:first-child'.</msg>
<arg>css:.added-manually:first-child</arg>
<doc>Clicks the button identified by ``locator``.</doc>
<status status="PASS" start="2024-10-28T17:16:02.531907" elapsed="0.098307"/>
</kw>
<kw name="Evaluate" owner="BuiltIn">
<msg time="2024-10-28T17:16:02.631091" level="INFO">${expected_count} = 11</msg>
<var>${expected_count}</var>
<arg>20 - ${index} - 1</arg>
<doc>Evaluates the given expression in Python and returns the result.</doc>
<status status="PASS" start="2024-10-28T17:16:02.630571" elapsed="0.000586"/>
</kw>
<kw name="Get Element Count" owner="SeleniumLibrary">
<msg time="2024-10-28T17:16:02.644424" level="INFO">${elements} = 11</msg>
<var>${elements}</var>
<arg>css:.added-manually</arg>
<doc>Returns the number of elements matching ``locator``.</doc>
<status status="PASS" start="2024-10-28T17:16:02.631401" elapsed="0.013110"/>
</kw>
<kw name="Should Be Equal As Numbers" owner="BuiltIn">
<arg>${elements}</arg>
<arg>${expected_count}</arg>
<doc>Fails if objects are unequal after converting them to real numbers.</doc>
<status status="PASS" start="2024-10-28T17:16:02.644830" elapsed="0.000564"/>
</kw>
<var name="${index}">8</var>
<status status="PASS" start="2024-10-28T17:16:02.531683" elapsed="0.113899"/>
</iter>
<iter>
<kw name="Click Button" owner="SeleniumLibrary">
<msg time="2024-10-28T17:16:02.647154" level="INFO">Clicking button 'css:.added-manually:first-child'.</msg>
<arg>css:.added-manually:first-child</arg>
<doc>Clicks the button identified by ``locator``.</doc>
<status status="PASS" start="2024-10-28T17:16:02.646359" elapsed="0.077743"/>
</kw>
<kw name="Evaluate" owner="BuiltIn">
<msg time="2024-10-28T17:16:02.725849" level="INFO">${expected_count} = 10</msg>
<var>${expected_count}</var>
<arg>20 - ${index} - 1</arg>
<doc>Evaluates the given expression in Python and returns the result.</doc>
<status status="PASS" start="2024-10-28T17:16:02.724844" elapsed="0.001123"/>
</kw>
<kw name="Get Element Count" owner="SeleniumLibrary">
<msg time="2024-10-28T17:16:02.738328" level="INFO">${elements} = 10</msg>
<var>${elements}</var>
<arg>css:.added-manually</arg>
<doc>Returns the number of elements matching ``locator``.</doc>
<status status="PASS" start="2024-10-28T17:16:02.726298" elapsed="0.012123"/>
</kw>
<kw name="Should Be Equal As Numbers" owner="BuiltIn">
<arg>${elements}</arg>
<arg>${expected_count}</arg>
<doc>Fails if objects are unequal after converting them to real numbers.</doc>
<status status="PASS" start="2024-10-28T17:16:02.738761" elapsed="0.000573"/>
</kw>
<var name="${index}">9</var>
<status status="PASS" start="2024-10-28T17:16:02.646028" elapsed="0.093440"/>
</iter>
<iter>
<kw name="Click Button" owner="SeleniumLibrary">
<msg time="2024-10-28T17:16:02.740552" level="INFO">Clicking button 'css:.added-manually:first-child'.</msg>
<arg>css:.added-manually:first-child</arg>
<doc>Clicks the button identified by ``locator``.</doc>
<status status="PASS" start="2024-10-28T17:16:02.740013" elapsed="0.071429"/>
</kw>
<kw name="Evaluate" owner="BuiltIn">
<msg time="2024-10-28T17:16:02.812354" level="INFO">${expected_count} = 9</msg>
<var>${expected_count}</var>
<arg>20 - ${index} - 1</arg>
<doc>Evaluates the given expression in Python and returns the result.</doc>
<status status="PASS" start="2024-10-28T17:16:02.811790" elapsed="0.000630"/>
</kw>
<kw name="Get Element Count" owner="SeleniumLibrary">
<msg time="2024-10-28T17:16:02.825999" level="INFO">${elements} = 9</msg>
<var>${elements}</var>
<arg>css:.added-manually</arg>
<doc>Returns the number of elements matching ``locator``.</doc>
<status status="PASS" start="2024-10-28T17:16:02.812673" elapsed="0.013455"/>
</kw>
<kw name="Should Be Equal As Numbers" owner="BuiltIn">
<arg>${elements}</arg>
<arg>${expected_count}</arg>
<doc>Fails if objects are unequal after converting them to real numbers.</doc>
<status status="PASS" start="2024-10-28T17:16:02.826559" elapsed="0.000606"/>
</kw>
<var name="${index}">10</var>
<status status="PASS" start="2024-10-28T17:16:02.739749" elapsed="0.087577"/>
</iter>
<iter>
<kw name="Click Button" owner="SeleniumLibrary">
<msg time="2024-10-28T17:16:02.828133" level="INFO">Clicking button 'css:.added-manually:first-child'.</msg>
<arg>css:.added-manually:first-child</arg>
<doc>Clicks the button identified by ``locator``.</doc>
<status status="PASS" start="2024-10-28T17:16:02.827795" elapsed="0.089641"/>
</kw>
<kw name="Evaluate" owner="BuiltIn">
<msg time="2024-10-28T17:16:02.918412" level="INFO">${expected_count} = 8</msg>
<var>${expected_count}</var>
<arg>20 - ${index} - 1</arg>
<doc>Evaluates the given expression in Python and returns the result.</doc>
<status status="PASS" start="2024-10-28T17:16:02.917787" elapsed="0.000693"/>
</kw>
<kw name="Get Element Count" owner="SeleniumLibrary">
<msg time="2024-10-28T17:16:02.932624" level="INFO">${elements} = 8</msg>
<var>${elements}</var>
<arg>css:.added-manually</arg>
<doc>Returns the number of elements matching ``locator``.</doc>
<status status="PASS" start="2024-10-28T17:16:02.918743" elapsed="0.013969"/>
</kw>
<kw name="Should Be Equal As Numbers" owner="BuiltIn">
<arg>${elements}</arg>
<arg>${expected_count}</arg>
<doc>Fails if objects are unequal after converting them to real numbers.</doc>
<status status="PASS" start="2024-10-28T17:16:02.933064" elapsed="0.000512"/>
</kw>
<var name="${index}">11</var>
<status status="PASS" start="2024-10-28T17:16:02.827595" elapsed="0.106099"/>
</iter>
<iter>
<kw name="Click Button" owner="SeleniumLibrary">
<msg time="2024-10-28T17:16:02.934602" level="INFO">Clicking button 'css:.added-manually:first-child'.</msg>
<arg>css:.added-manually:first-child</arg>
<doc>Clicks the button identified by ``locator``.</doc>
<status status="PASS" start="2024-10-28T17:16:02.934242" elapsed="0.076938"/>
</kw>
<kw name="Evaluate" owner="BuiltIn">
<msg time="2024-10-28T17:16:03.012164" level="INFO">${expected_count} = 7</msg>
<var>${expected_count}</var>
<arg>20 - ${index} - 1</arg>
<doc>Evaluates the given expression in Python and returns the result.</doc>
<status status="PASS" start="2024-10-28T17:16:03.011595" elapsed="0.000634"/>
</kw>
<kw name="Get Element Count" owner="SeleniumLibrary">
<msg time="2024-10-28T17:16:03.025520" level="INFO">${elements} = 7</msg>
<var>${elements}</var>
<arg>css:.added-manually</arg>
<doc>Returns the number of elements matching ``locator``.</doc>
<status status="PASS" start="2024-10-28T17:16:03.012479" elapsed="0.013171"/>
</kw>
<kw name="Should Be Equal As Numbers" owner="BuiltIn">
<arg>${elements}</arg>
<arg>${expected_count}</arg>
<doc>Fails if objects are unequal after converting them to real numbers.</doc>
<status status="PASS" start="2024-10-28T17:16:03.026177" elapsed="0.000512"/>
</kw>
<var name="${index}">12</var>
<status status="PASS" start="2024-10-28T17:16:02.933961" elapsed="0.092843"/>
</iter>
<iter>
<kw name="Click Button" owner="SeleniumLibrary">
<msg time="2024-10-28T17:16:03.027554" level="INFO">Clicking button 'css:.added-manually:first-child'.</msg>
<arg>css:.added-manually:first-child</arg>
<doc>Clicks the button identified by ``locator``.</doc>
<status status="PASS" start="2024-10-28T17:16:03.027248" elapsed="0.070520"/>
</kw>
<kw name="Evaluate" owner="BuiltIn">
<msg time="2024-10-28T17:16:03.098757" level="INFO">${expected_count} = 6</msg>
<var>${expected_count}</var>
<arg>20 - ${index} - 1</arg>
<doc>Evaluates the given expression in Python and returns the result.</doc>
<status status="PASS" start="2024-10-28T17:16:03.098119" elapsed="0.000820"/>
</kw>
<kw name="Get Element Count" owner="SeleniumLibrary">
<msg time="2024-10-28T17:16:03.112315" level="INFO">${elements} = 6</msg>
<var>${elements}</var>
<arg>css:.added-manually</arg>
<doc>Returns the number of elements matching ``locator``.</doc>
<status status="PASS" start="2024-10-28T17:16:03.099334" elapsed="0.013083"/>
</kw>
<kw name="Should Be Equal As Numbers" owner="BuiltIn">
<arg>${elements}</arg>
<arg>${expected_count}</arg>
<doc>Fails if objects are unequal after converting them to real numbers.</doc>
<status status="PASS" start="2024-10-28T17:16:03.112783" elapsed="0.000567"/>
</kw>
<var name="${index}">13</var>
<status status="PASS" start="2024-10-28T17:16:03.027060" elapsed="0.086418"/>
</iter>
<iter>
<kw name="Click Button" owner="SeleniumLibrary">
<msg time="2024-10-28T17:16:03.114305" level="INFO">Clicking button 'css:.added-manually:first-child'.</msg>
<arg>css:.added-manually:first-child</arg>
<doc>Clicks the button identified by ``locator``.</doc>
<status status="PASS" start="2024-10-28T17:16:03.113966" elapsed="0.078276"/>
</kw>
<kw name="Evaluate" owner="BuiltIn">
<msg time="2024-10-28T17:16:03.193102" level="INFO">${expected_count} = 5</msg>
<var>${expected_count}</var>
<arg>20 - ${index} - 1</arg>
<doc>Evaluates the given expression in Python and returns the result.</doc>
<status status="PASS" start="2024-10-28T17:16:03.192584" elapsed="0.000585"/>
</kw>
<kw name="Get Element Count" owner="SeleniumLibrary">
<msg time="2024-10-28T17:16:03.204277" level="INFO">${elements} = 5</msg>
<var>${elements}</var>
<arg>css:.added-manually</arg>
<doc>Returns the number of elements matching ``locator``.</doc>
<status status="PASS" start="2024-10-28T17:16:03.193418" elapsed="0.010942"/>
</kw>
<kw name="Should Be Equal As Numbers" owner="BuiltIn">
<arg>${elements}</arg>
<arg>${expected_count}</arg>
<doc>Fails if objects are unequal after converting them to real numbers.</doc>
<status status="PASS" start="2024-10-28T17:16:03.204669" elapsed="0.000496"/>
</kw>
<var name="${index}">14</var>
<status status="PASS" start="2024-10-28T17:16:03.113752" elapsed="0.091560"/>
</iter>
<iter>
<kw name="Click Button" owner="SeleniumLibrary">
<msg time="2024-10-28T17:16:03.206130" level="INFO">Clicking button 'css:.added-manually:first-child'.</msg>
<arg>css:.added-manually:first-child</arg>
<doc>Clicks the button identified by ``locator``.</doc>
<status status="PASS" start="2024-10-28T17:16:03.205788" elapsed="0.071278"/>
</kw>
<kw name="Evaluate" owner="BuiltIn">
<msg time="2024-10-28T17:16:03.277941" level="INFO">${expected_count} = 4</msg>
<var>${expected_count}</var>
<arg>20 - ${index} - 1</arg>
<doc>Evaluates the given expression in Python and returns the result.</doc>
<status status="PASS" start="2024-10-28T17:16:03.277414" elapsed="0.000594"/>
</kw>
<kw name="Get Element Count" owner="SeleniumLibrary">
<msg time="2024-10-28T17:16:03.292544" level="INFO">${elements} = 4</msg>
<var>${elements}</var>
<arg>css:.added-manually</arg>
<doc>Returns the number of elements matching ``locator``.</doc>
<status status="PASS" start="2024-10-28T17:16:03.278263" elapsed="0.014366"/>
</kw>
<kw name="Should Be Equal As Numbers" owner="BuiltIn">
<arg>${elements}</arg>
<arg>${expected_count}</arg>
<doc>Fails if objects are unequal after converting them to real numbers.</doc>
<status status="PASS" start="2024-10-28T17:16:03.292941" elapsed="0.000490"/>
</kw>
<var name="${index}">15</var>
<status status="PASS" start="2024-10-28T17:16:03.205595" elapsed="0.087953"/>
</iter>
<iter>
<kw name="Click Button" owner="SeleniumLibrary">
<msg time="2024-10-28T17:16:03.294306" level="INFO">Clicking button 'css:.added-manually:first-child'.</msg>
<arg>css:.added-manually:first-child</arg>
<doc>Clicks the button identified by ``locator``.</doc>
<status status="PASS" start="2024-10-28T17:16:03.294000" elapsed="0.071177"/>
</kw>
<kw name="Evaluate" owner="BuiltIn">
<msg time="2024-10-28T17:16:03.366102" level="INFO">${expected_count} = 3</msg>
<var>${expected_count}</var>
<arg>20 - ${index} - 1</arg>
<doc>Evaluates the given expression in Python and returns the result.</doc>
<status status="PASS" start="2024-10-28T17:16:03.365517" elapsed="0.000673"/>
</kw>
<kw name="Get Element Count" owner="SeleniumLibrary">
<msg time="2024-10-28T17:16:03.379435" level="INFO">${elements} = 3</msg>
<var>${elements}</var>
<arg>css:.added-manually</arg>
<doc>Returns the number of elements matching ``locator``.</doc>
<status status="PASS" start="2024-10-28T17:16:03.366481" elapsed="0.013042"/>
</kw>
<kw name="Should Be Equal As Numbers" owner="BuiltIn">
<arg>${elements}</arg>
<arg>${expected_count}</arg>
<doc>Fails if objects are unequal after converting them to real numbers.</doc>
<status status="PASS" start="2024-10-28T17:16:03.379855" elapsed="0.000522"/>
</kw>
<var name="${index}">16</var>
<status status="PASS" start="2024-10-28T17:16:03.293808" elapsed="0.086684"/>
</iter>
<iter>
<kw name="Click Button" owner="SeleniumLibrary">
<msg time="2024-10-28T17:16:03.381450" level="INFO">Clicking button 'css:.added-manually:first-child'.</msg>
<arg>css:.added-manually:first-child</arg>
<doc>Clicks the button identified by ``locator``.</doc>
<status status="PASS" start="2024-10-28T17:16:03.380934" elapsed="0.082492"/>
</kw>
<kw name="Evaluate" owner="BuiltIn">
<msg time="2024-10-28T17:16:03.464595" level="INFO">${expected_count} = 2</msg>
<var>${expected_count}</var>
<arg>20 - ${index} - 1</arg>
<doc>Evaluates the given expression in Python and returns the result.</doc>
<status status="PASS" start="2024-10-28T17:16:03.463947" elapsed="0.000717"/>
</kw>
<kw name="Get Element Count" owner="SeleniumLibrary">
<msg time="2024-10-28T17:16:03.477041" level="INFO">${elements} = 2</msg>
<var>${elements}</var>
<arg>css:.added-manually</arg>
<doc>Returns the number of elements matching ``locator``.</doc>
<status status="PASS" start="2024-10-28T17:16:03.464924" elapsed="0.012202"/>
</kw>
<kw name="Should Be Equal As Numbers" owner="BuiltIn">
<arg>${elements}</arg>
<arg>${expected_count}</arg>
<doc>Fails if objects are unequal after converting them to real numbers.</doc>
<status status="PASS" start="2024-10-28T17:16:03.477445" elapsed="0.000549"/>
</kw>
<var name="${index}">17</var>
<status status="PASS" start="2024-10-28T17:16:03.380746" elapsed="0.097414"/>
</iter>
<iter>
<kw name="Click Button" owner="SeleniumLibrary">
<msg time="2024-10-28T17:16:03.479010" level="INFO">Clicking button 'css:.added-manually:first-child'.</msg>
<arg>css:.added-manually:first-child</arg>
<doc>Clicks the button identified by ``locator``.</doc>
<status status="PASS" start="2024-10-28T17:16:03.478680" elapsed="0.086173"/>
</kw>
<kw name="Evaluate" owner="BuiltIn">
<msg time="2024-10-28T17:16:03.565711" level="INFO">${expected_count} = 1</msg>
<var>${expected_count}</var>
<arg>20 - ${index} - 1</arg>
<doc>Evaluates the given expression in Python and returns the result.</doc>
<status status="PASS" start="2024-10-28T17:16:03.565196" elapsed="0.000580"/>
</kw>
<kw name="Get Element Count" owner="SeleniumLibrary">
<msg time="2024-10-28T17:16:03.578753" level="INFO">${elements} = 1</msg>
<var>${elements}</var>
<arg>css:.added-manually</arg>
<doc>Returns the number of elements matching ``locator``.</doc>
<status status="PASS" start="2024-10-28T17:16:03.566130" elapsed="0.012712"/>
</kw>
<kw name="Should Be Equal As Numbers" owner="BuiltIn">
<arg>${elements}</arg>
<arg>${expected_count}</arg>
<doc>Fails if objects are unequal after converting them to real numbers.</doc>
<status status="PASS" start="2024-10-28T17:16:03.579165" elapsed="0.000504"/>
</kw>
<var name="${index}">18</var>
<status status="PASS" start="2024-10-28T17:16:03.478469" elapsed="0.101314"/>
</iter>
<iter>
<kw name="Click Button" owner="SeleniumLibrary">
<msg time="2024-10-28T17:16:03.580590" level="INFO">Clicking button 'css:.added-manually:first-child'.</msg>
<arg>css:.added-manually:first-child</arg>
<doc>Clicks the button identified by ``locator``.</doc>
<status status="PASS" start="2024-10-28T17:16:03.580261" elapsed="0.087158"/>
</kw>
<kw name="Evaluate" owner="BuiltIn">
<msg time="2024-10-28T17:16:03.668551" level="INFO">${expected_count} = 0</msg>
<var>${expected_count}</var>
<arg>20 - ${index} - 1</arg>
<doc>Evaluates the given expression in Python and returns the result.</doc>
<status status="PASS" start="2024-10-28T17:16:03.667932" elapsed="0.000684"/>
</kw>
<kw name="Get Element Count" owner="SeleniumLibrary">
<msg time="2024-10-28T17:16:03.681657" level="INFO">${elements} = 0</msg>
<var>${elements}</var>
<arg>css:.added-manually</arg>
<doc>Returns the number of elements matching ``locator``.</doc>
<status status="PASS" start="2024-10-28T17:16:03.668868" elapsed="0.012874"/>
</kw>
<kw name="Should Be Equal As Numbers" owner="BuiltIn">
<arg>${elements}</arg>
<arg>${expected_count}</arg>
<doc>Fails if objects are unequal after converting them to real numbers.</doc>
<status status="PASS" start="2024-10-28T17:16:03.682057" elapsed="0.000488"/>
</kw>
<var name="${index}">19</var>
<status status="PASS" start="2024-10-28T17:16:03.580070" elapsed="0.102590"/>
</iter>
<var>${index}</var>
<value>20</value>
<status status="PASS" start="2024-10-28T17:16:01.678936" elapsed="2.003830"/>
</for>
<kw name="Close Browser" owner="SeleniumLibrary" type="TEARDOWN">
<doc>Closes the current browser.</doc>
<status status="PASS" start="2024-10-28T17:16:03.683286" elapsed="0.064619"/>
</kw>
<status status="PASS" start="2024-10-28T17:15:55.709962" elapsed="8.038227"/>
</test>
<test id="s1-t2" name="Autenticación Básica" line="24">
<kw name="Open Browser" owner="SeleniumLibrary">
<msg time="2024-10-28T17:16:03.750114" level="INFO">Opening browser 'chrome' to base url 'https://admin:admin@the-internet.herokuapp.com/basic_auth'.</msg>
<arg>${URL_BASIC_AUTH}</arg>
<arg>${BROWSER}</arg>
<doc>Opens a new browser instance to the optional ``url``.</doc>
<status status="PASS" start="2024-10-28T17:16:03.749643" elapsed="4.152277"/>
</kw>
<kw name="Get Text" owner="SeleniumLibrary">
<msg time="2024-10-28T17:16:07.951077" level="INFO">${message} = Congratulations! You must have the proper credentials.</msg>
<var>${message}</var>
<arg>css:p</arg>
<doc>Returns the text value of the element identified by ``locator``.</doc>
<status status="PASS" start="2024-10-28T17:16:07.902573" elapsed="0.048592"/>
</kw>
<kw name="Should Contain" owner="BuiltIn">
<arg>${message}</arg>
<arg>${MENSAJE_EXITO}</arg>
<doc>Fails if ``container`` does not contain ``item`` one or more times.</doc>
<status status="PASS" start="2024-10-28T17:16:07.951562" elapsed="0.000665"/>
</kw>
<kw name="Close Browser" owner="SeleniumLibrary">
<doc>Closes the current browser.</doc>
<status status="PASS" start="2024-10-28T17:16:07.952733" elapsed="1.069997"/>
</kw>
<kw name="Open Browser" owner="SeleniumLibrary">
<msg time="2024-10-28T17:16:09.023733" level="INFO">Opening browser 'chrome' to base url 'https://admin1:admin1@the-internet.herokuapp.com/basic_auth'.</msg>
<arg>${URL_BASIC_AUTH_FAIL}</arg>
<arg>${BROWSER}</arg>
<doc>Opens a new browser instance to the optional ``url``.</doc>
<status status="PASS" start="2024-10-28T17:16:09.023195" elapsed="4.115419"/>
</kw>
<kw name="Get Source" owner="SeleniumLibrary">
<msg time="2024-10-28T17:16:13.146866" level="INFO">${failed_message} = &lt;html&gt;&lt;head&gt;&lt;/head&gt;&lt;body&gt;&lt;/body&gt;&lt;/html&gt;</msg>
<var>${failed_message}</var>
<doc>Returns the entire HTML source of the current page or frame.</doc>
<status status="PASS" start="2024-10-28T17:16:13.139396" elapsed="0.007577"/>
</kw>
<kw name="Should Not Contain" owner="BuiltIn">
<arg>${failed_message}</arg>
<arg>${MENSAJE_EXITO}</arg>
<doc>Fails if ``container`` contains ``item`` one or more times.</doc>
<status status="PASS" start="2024-10-28T17:16:13.147651" elapsed="0.000538"/>
</kw>
<kw name="Close Browser" owner="SeleniumLibrary">
<doc>Closes the current browser.</doc>
<status status="PASS" start="2024-10-28T17:16:13.148857" elapsed="0.171505"/>
</kw>
<status status="PASS" start="2024-10-28T17:16:03.748949" elapsed="9.572045"/>
</test>
<test id="s1-t3" name="Checkboxes" line="35">
<kw name="Open Browser" owner="SeleniumLibrary">
<msg time="2024-10-28T17:16:13.323493" level="INFO">Opening browser 'chrome' to base url 'https://the-internet.herokuapp.com/checkboxes'.</msg>
<arg>${URL_CHECKBOXES}</arg>
<arg>${BROWSER}</arg>
<doc>Opens a new browser instance to the optional ``url``.</doc>
<status status="PASS" start="2024-10-28T17:16:13.322730" elapsed="5.040569"/>
</kw>
<kw name="Run Keyword And Return Status" owner="BuiltIn">
<kw name="Checkbox Should Be Selected" owner="SeleniumLibrary">
<msg time="2024-10-28T17:16:18.365079" level="INFO">Verifying checkbox 'xpath://form[@id='checkboxes']/input[1]' is selected.</msg>
<msg time="2024-10-28T17:16:18.536917" level="INFO" html="true">&lt;/td&gt;&lt;/tr&gt;&lt;tr&gt;&lt;td colspan="3"&gt;&lt;a href="selenium-screenshot-3.png"&gt;&lt;img src="selenium-screenshot-3.png" width="800px"&gt;&lt;/a&gt;</msg>
<msg time="2024-10-28T17:16:18.537294" level="FAIL">Checkbox 'xpath://form[@id='checkboxes']/input[1]' should have been selected but was not.</msg>
<arg>xpath://form[@id='checkboxes']/input[1]</arg>
<doc>Verifies checkbox ``locator`` is selected/checked.</doc>
<status status="FAIL" start="2024-10-28T17:16:18.364561" elapsed="0.174078">Checkbox 'xpath://form[@id='checkboxes']/input[1]' should have been selected but was not.</status>
</kw>
<msg time="2024-10-28T17:16:18.539084" level="INFO">${is_selected} = False</msg>
<var>${is_selected}</var>
<arg>Checkbox Should Be Selected</arg>
<arg>xpath://form[@id='checkboxes']/input[1]</arg>
<doc>Runs the given keyword with given arguments and returns the status as a Boolean value.</doc>
<status status="PASS" start="2024-10-28T17:16:18.363972" elapsed="0.175222"/>
</kw>
<if>
<branch type="IF" condition="'${is_selected}' == 'False'">
<kw name="Click Element" owner="SeleniumLibrary">
<msg time="2024-10-28T17:16:18.541405" level="INFO">Clicking element 'xpath://form[@id='checkboxes']/input[1]'.</msg>
<arg>xpath://form[@id='checkboxes']/input[1]</arg>
<doc>Click the element identified by ``locator``.</doc>
<status status="PASS" start="2024-10-28T17:16:18.540760" elapsed="0.100855"/>
</kw>
<status status="PASS" start="2024-10-28T17:16:18.539677" elapsed="0.102134"/>
</branch>
<status status="PASS" start="2024-10-28T17:16:18.539583" elapsed="0.102352"/>
</if>
<kw name="Checkbox Should Be Selected" owner="SeleniumLibrary">
<msg time="2024-10-28T17:16:18.642770" level="INFO">Verifying checkbox 'xpath://form[@id='checkboxes']/input[1]' is selected.</msg>
<arg>xpath://form[@id='checkboxes']/input[1]</arg>
<doc>Verifies checkbox ``locator`` is selected/checked.</doc>
<status status="PASS" start="2024-10-28T17:16:18.642329" elapsed="0.043004"/>
</kw>
<kw name="Run Keyword And Return Status" owner="BuiltIn">
<kw name="Checkbox Should Be Selected" owner="SeleniumLibrary">
<msg time="2024-10-28T17:16:18.686727" level="INFO">Verifying checkbox 'xpath://form[@id='checkboxes']/input[2]' is selected.</msg>
<arg>xpath://form[@id='checkboxes']/input[2]</arg>
<doc>Verifies checkbox ``locator`` is selected/checked.</doc>
<status status="PASS" start="2024-10-28T17:16:18.686340" elapsed="0.040776"/>
</kw>
<msg time="2024-10-28T17:16:18.727511" level="INFO">${is_selected} = True</msg>
<var>${is_selected}</var>
<arg>Checkbox Should Be Selected</arg>
<arg>xpath://form[@id='checkboxes']/input[2]</arg>
<doc>Runs the given keyword with given arguments and returns the status as a Boolean value.</doc>
<status status="PASS" start="2024-10-28T17:16:18.685822" elapsed="0.041760"/>
</kw>
<if>
<branch type="IF" condition="'${is_selected}' == 'False'">
<kw name="Click Element" owner="SeleniumLibrary">
<arg>xpath://form[@id='checkboxes']/input[2]</arg>
<doc>Click the element identified by ``locator``.</doc>
<status status="NOT RUN" start="2024-10-28T17:16:18.728492" elapsed="0.000074"/>
</kw>
<status status="NOT RUN" start="2024-10-28T17:16:18.727994" elapsed="0.000673"/>
</branch>
<status status="PASS" start="2024-10-28T17:16:18.727921" elapsed="0.000827"/>
</if>
<kw name="Checkbox Should Be Selected" owner="SeleniumLibrary">
<msg time="2024-10-28T17:16:18.729586" level="INFO">Verifying checkbox 'xpath://form[@id='checkboxes']/input[2]' is selected.</msg>
<arg>xpath://form[@id='checkboxes']/input[2]</arg>
<doc>Verifies checkbox ``locator`` is selected/checked.</doc>
<status status="PASS" start="2024-10-28T17:16:18.729182" elapsed="0.035337"/>
</kw>
<kw name="Close Browser" owner="SeleniumLibrary" type="TEARDOWN">
<doc>Closes the current browser.</doc>
<status status="PASS" start="2024-10-28T17:16:18.765208" elapsed="0.223794"/>
</kw>
<status status="PASS" start="2024-10-28T17:16:13.321724" elapsed="5.668001"/>
</test>
<status status="PASS" start="2024-10-28T17:15:55.479986" elapsed="23.511072"/>
</suite>
<statistics>
<total>
<stat pass="3" fail="0" skip="0">All Tests</stat>
</total>
<tag>
</tag>
<suite>
<stat pass="3" fail="0" skip="0" id="s1" name="123TestCase">123TestCase</stat>
</suite>
</statistics>
<errors>
</errors>
</robot>
